{"/Users/oesukam/git-projects/sims-frontend/src/redux/actions/articleActions.js": {"path":"/Users/oesukam/git-projects/sims-frontend/src/redux/actions/articleActions.js","statementMap":{"0":{"start":{"line":3,"column":26},"end":{"line":5,"column":1}},"1":{"start":{"line":4,"column":2},"end":{"line":4,"column":40}}},"fnMap":{"0":{"name":"(anonymous_0)","decl":{"start":{"line":3,"column":26},"end":{"line":3,"column":27}},"loc":{"start":{"line":3,"column":37},"end":{"line":5,"column":1}},"line":3}},"branchMap":{},"s":{"0":0,"1":0},"f":{"0":0},"b":{}}
,"/Users/oesukam/git-projects/sims-frontend/src/redux/actions/index.js": {"path":"/Users/oesukam/git-projects/sims-frontend/src/redux/actions/index.js","statementMap":{},"fnMap":{},"branchMap":{},"s":{},"f":{},"b":{}}
,"/Users/oesukam/git-projects/sims-frontend/src/redux/actions-types/article-types.js": {"path":"/Users/oesukam/git-projects/sims-frontend/src/redux/actions-types/article-types.js","statementMap":{"0":{"start":{"line":1,"column":27},"end":{"line":1,"column":40}}},"fnMap":{},"branchMap":{},"s":{"0":0},"f":{},"b":{}}
,"/Users/oesukam/git-projects/sims-frontend/src/redux/actions-types/index.js": {"path":"/Users/oesukam/git-projects/sims-frontend/src/redux/actions-types/index.js","statementMap":{},"fnMap":{},"branchMap":{},"s":{},"f":{},"b":{}}
,"/Users/oesukam/git-projects/sims-frontend/src/redux/reducers/index.js": {"path":"/Users/oesukam/git-projects/sims-frontend/src/redux/reducers/index.js","statementMap":{"0":{"start":{"line":2,"column":21},"end":{"line":4,"column":1}},"1":{"start":{"line":5,"column":20},"end":{"line":10,"column":1}},"2":{"start":{"line":6,"column":2},"end":{"line":8,"column":3}},"3":{"start":{"line":7,"column":4},"end":{"line":7,"column":71}},"4":{"start":{"line":9,"column":2},"end":{"line":9,"column":15}}},"fnMap":{"0":{"name":"(anonymous_0)","decl":{"start":{"line":5,"column":20},"end":{"line":5,"column":21}},"loc":{"start":{"line":5,"column":54},"end":{"line":10,"column":1}},"line":5}},"branchMap":{"0":{"loc":{"start":{"line":5,"column":21},"end":{"line":5,"column":41}},"type":"default-arg","locations":[{"start":{"line":5,"column":29},"end":{"line":5,"column":41}}],"line":5},"1":{"loc":{"start":{"line":6,"column":2},"end":{"line":8,"column":3}},"type":"if","locations":[{"start":{"line":6,"column":2},"end":{"line":8,"column":3}},{"start":{"line":6,"column":2},"end":{"line":8,"column":3}}],"line":6}},"s":{"0":0,"1":0,"2":0,"3":0,"4":0},"f":{"0":0},"b":{"0":[0],"1":[0,0]}}
,"/Users/oesukam/git-projects/sims-frontend/src/redux/store/index.js": {"path":"/Users/oesukam/git-projects/sims-frontend/src/redux/store/index.js","statementMap":{"0":{"start":{"line":4,"column":14},"end":{"line":4,"column":38}}},"fnMap":{},"branchMap":{},"s":{"0":0},"f":{},"b":{}}
}
